<?xml version="1.0" encoding="utf-8"?><testsuites name="pytest tests"><testsuite name="pytest" errors="0" failures="21" skipped="0" tests="29" time="4.422" timestamp="2026-02-21T08:13:18.890259+00:00" hostname="agent-env-b71f7fe3-d1ac-4b84-bc70-b0d53a873c4a"><testcase classname="backend.tests.test_reports.TestReportsAPI" name="test_api_health" time="0.219" /><testcase classname="backend.tests.test_reports.TestReportsAPI" name="test_dashboard_stats" time="0.112" /><testcase classname="backend.tests.test_reports.TestReportsAPI" name="test_generate_full_report_excel" time="0.510"><failure message="assert 520 == 200&#10; +  where 520 = &lt;Response [520]&gt;.status_code">backend/tests/test_reports.py:53: in test_generate_full_report_excel
    assert response.status_code == 200
E   assert 520 == 200
E    +  where 520 = &lt;Response [520]&gt;.status_code</failure></testcase><testcase classname="backend.tests.test_reports.TestReportsAPI" name="test_generate_full_report_pdf" time="0.200" /><testcase classname="backend.tests.test_reports.TestReportsAPI" name="test_generate_daily_report_excel" time="0.105"><failure message="assert 520 == 200&#10; +  where 520 = &lt;Response [520]&gt;.status_code">backend/tests/test_reports.py:70: in test_generate_daily_report_excel
    assert response.status_code == 200
E   assert 520 == 200
E    +  where 520 = &lt;Response [520]&gt;.status_code</failure></testcase><testcase classname="backend.tests.test_reports.TestReportsAPI" name="test_generate_weekly_report_excel" time="0.115"><failure message="assert 520 == 200&#10; +  where 520 = &lt;Response [520]&gt;.status_code">backend/tests/test_reports.py:77: in test_generate_weekly_report_excel
    assert response.status_code == 200
E   assert 520 == 200
E    +  where 520 = &lt;Response [520]&gt;.status_code</failure></testcase><testcase classname="backend.tests.test_reports.TestReportsAPI" name="test_generate_monthly_report_excel" time="0.104"><failure message="assert 520 == 200&#10; +  where 520 = &lt;Response [520]&gt;.status_code">backend/tests/test_reports.py:84: in test_generate_monthly_report_excel
    assert response.status_code == 200
E   assert 520 == 200
E    +  where 520 = &lt;Response [520]&gt;.status_code</failure></testcase><testcase classname="backend.tests.test_reports.TestReportsAPI" name="test_generate_daily_report_pdf" time="0.138" /><testcase classname="backend.tests.test_reports.TestReportsAPI" name="test_generate_weekly_report_pdf" time="0.137" /><testcase classname="backend.tests.test_reports.TestReportsAPI" name="test_generate_monthly_report_pdf" time="0.136" /><testcase classname="backend.tests.test_reports.TestReportsAPI" name="test_generate_report_with_phase_filter_pre_construction" time="0.115"><failure message="assert 520 == 200&#10; +  where 520 = &lt;Response [520]&gt;.status_code">backend/tests/test_reports.py:113: in test_generate_report_with_phase_filter_pre_construction
    assert response.status_code == 200
E   assert 520 == 200
E    +  where 520 = &lt;Response [520]&gt;.status_code</failure></testcase><testcase classname="backend.tests.test_reports.TestReportsAPI" name="test_generate_report_with_phase_filter_admin_academic" time="0.118"><failure message="assert 520 == 200&#10; +  where 520 = &lt;Response [520]&gt;.status_code">backend/tests/test_reports.py:120: in test_generate_report_with_phase_filter_admin_academic
    assert response.status_code == 200
E   assert 520 == 200
E    +  where 520 = &lt;Response [520]&gt;.status_code</failure></testcase><testcase classname="backend.tests.test_reports.TestReportsAPI" name="test_generate_report_with_phase_filter_auditorium" time="0.120"><failure message="assert 520 == 200&#10; +  where 520 = &lt;Response [520]&gt;.status_code">backend/tests/test_reports.py:127: in test_generate_report_with_phase_filter_auditorium
    assert response.status_code == 200
E   assert 520 == 200
E    +  where 520 = &lt;Response [520]&gt;.status_code</failure></testcase><testcase classname="backend.tests.test_reports.TestReportsAPI" name="test_generate_report_with_phase_filter_residential" time="0.145"><failure message="assert 520 == 200&#10; +  where 520 = &lt;Response [520]&gt;.status_code">backend/tests/test_reports.py:133: in test_generate_report_with_phase_filter_residential
    assert response.status_code == 200
E   assert 520 == 200
E    +  where 520 = &lt;Response [520]&gt;.status_code</failure></testcase><testcase classname="backend.tests.test_reports.TestReportsAPI" name="test_generate_report_with_phase_filter_external" time="0.165"><failure message="assert 520 == 200&#10; +  where 520 = &lt;Response [520]&gt;.status_code">backend/tests/test_reports.py:139: in test_generate_report_with_phase_filter_external
    assert response.status_code == 200
E   assert 520 == 200
E    +  where 520 = &lt;Response [520]&gt;.status_code</failure></testcase><testcase classname="backend.tests.test_reports.TestReportsAPI" name="test_generate_report_with_status_filter_completed" time="0.125"><failure message="assert 520 == 200&#10; +  where 520 = &lt;Response [520]&gt;.status_code">backend/tests/test_reports.py:146: in test_generate_report_with_status_filter_completed
    assert response.status_code == 200
E   assert 520 == 200
E    +  where 520 = &lt;Response [520]&gt;.status_code</failure></testcase><testcase classname="backend.tests.test_reports.TestReportsAPI" name="test_generate_report_with_status_filter_in_progress" time="0.107"><failure message="assert 520 == 200&#10; +  where 520 = &lt;Response [520]&gt;.status_code">backend/tests/test_reports.py:152: in test_generate_report_with_status_filter_in_progress
    assert response.status_code == 200
E   assert 520 == 200
E    +  where 520 = &lt;Response [520]&gt;.status_code</failure></testcase><testcase classname="backend.tests.test_reports.TestReportsAPI" name="test_generate_report_with_status_filter_delayed" time="0.116"><failure message="assert 520 == 200&#10; +  where 520 = &lt;Response [520]&gt;.status_code">backend/tests/test_reports.py:158: in test_generate_report_with_status_filter_delayed
    assert response.status_code == 200
E   assert 520 == 200
E    +  where 520 = &lt;Response [520]&gt;.status_code</failure></testcase><testcase classname="backend.tests.test_reports.TestReportsAPI" name="test_generate_report_with_status_filter_at_risk" time="0.108"><failure message="assert 520 == 200&#10; +  where 520 = &lt;Response [520]&gt;.status_code">backend/tests/test_reports.py:164: in test_generate_report_with_status_filter_at_risk
    assert response.status_code == 200
E   assert 520 == 200
E    +  where 520 = &lt;Response [520]&gt;.status_code</failure></testcase><testcase classname="backend.tests.test_reports.TestReportsAPI" name="test_generate_report_with_status_filter_not_started" time="0.135"><failure message="assert 520 == 200&#10; +  where 520 = &lt;Response [520]&gt;.status_code">backend/tests/test_reports.py:170: in test_generate_report_with_status_filter_not_started
    assert response.status_code == 200
E   assert 520 == 200
E    +  where 520 = &lt;Response [520]&gt;.status_code</failure></testcase><testcase classname="backend.tests.test_reports.TestReportsAPI" name="test_generate_report_with_phase_and_status_filter" time="0.106"><failure message="assert 520 == 200&#10; +  where 520 = &lt;Response [520]&gt;.status_code">backend/tests/test_reports.py:177: in test_generate_report_with_phase_and_status_filter
    assert response.status_code == 200
E   assert 520 == 200
E    +  where 520 = &lt;Response [520]&gt;.status_code</failure></testcase><testcase classname="backend.tests.test_reports.TestReportsAPI" name="test_generate_report_with_all_filters" time="0.121"><failure message="assert 520 == 200&#10; +  where 520 = &lt;Response [520]&gt;.status_code">backend/tests/test_reports.py:187: in test_generate_report_with_all_filters
    assert response.status_code == 200
E   assert 520 == 200
E    +  where 520 = &lt;Response [520]&gt;.status_code</failure></testcase><testcase classname="backend.tests.test_reports.TestReportsAPI" name="test_generate_report_with_history_excel" time="0.142"><failure message="assert 520 == 200&#10; +  where 520 = &lt;Response [520]&gt;.status_code">backend/tests/test_reports.py:194: in test_generate_report_with_history_excel
    assert response.status_code == 200
E   assert 520 == 200
E    +  where 520 = &lt;Response [520]&gt;.status_code</failure></testcase><testcase classname="backend.tests.test_reports.TestReportsAPI" name="test_generate_report_with_history_pdf" time="0.137" /><testcase classname="backend.tests.test_reports.TestReportsAPI" name="test_generate_report_with_custom_date_range" time="0.117"><failure message="assert 520 == 200&#10; +  where 520 = &lt;Response [520]&gt;.status_code">backend/tests/test_reports.py:210: in test_generate_report_with_custom_date_range
    assert response.status_code == 200
E   assert 520 == 200
E    +  where 520 = &lt;Response [520]&gt;.status_code</failure></testcase><testcase classname="backend.tests.test_reports.TestReportsAPI" name="test_generate_report_with_only_start_date" time="0.137"><failure message="assert 520 == 200&#10; +  where 520 = &lt;Response [520]&gt;.status_code">backend/tests/test_reports.py:216: in test_generate_report_with_only_start_date
    assert response.status_code == 200
E   assert 520 == 200
E    +  where 520 = &lt;Response [520]&gt;.status_code</failure></testcase><testcase classname="backend.tests.test_reports.TestReportsAPI" name="test_generate_report_with_only_end_date" time="0.140"><failure message="assert 520 == 200&#10; +  where 520 = &lt;Response [520]&gt;.status_code">backend/tests/test_reports.py:222: in test_generate_report_with_only_end_date
    assert response.status_code == 200
E   assert 520 == 200
E    +  where 520 = &lt;Response [520]&gt;.status_code</failure></testcase><testcase classname="backend.tests.test_reports.TestReportsAPI" name="test_excel_filename_includes_report_type" time="0.131"><failure message="assert 520 == 200&#10; +  where 520 = &lt;Response [520]&gt;.status_code">backend/tests/test_reports.py:229: in test_excel_filename_includes_report_type
    assert response.status_code == 200
E   assert 520 == 200
E    +  where 520 = &lt;Response [520]&gt;.status_code</failure></testcase><testcase classname="backend.tests.test_reports.TestReportsAPI" name="test_pdf_filename_includes_report_type" time="0.141" /></testsuite></testsuites>