<?xml version="1.0" encoding="utf-8"?><testsuites name="pytest tests"><testsuite name="pytest" errors="0" failures="0" skipped="0" tests="29" time="4.099" timestamp="2026-02-21T08:14:06.056922+00:00" hostname="agent-env-b71f7fe3-d1ac-4b84-bc70-b0d53a873c4a"><testcase classname="backend.tests.test_reports.TestReportsAPI" name="test_api_health" time="0.155" /><testcase classname="backend.tests.test_reports.TestReportsAPI" name="test_dashboard_stats" time="0.108" /><testcase classname="backend.tests.test_reports.TestReportsAPI" name="test_generate_full_report_excel" time="0.172" /><testcase classname="backend.tests.test_reports.TestReportsAPI" name="test_generate_full_report_pdf" time="0.205" /><testcase classname="backend.tests.test_reports.TestReportsAPI" name="test_generate_daily_report_excel" time="0.115" /><testcase classname="backend.tests.test_reports.TestReportsAPI" name="test_generate_weekly_report_excel" time="0.118" /><testcase classname="backend.tests.test_reports.TestReportsAPI" name="test_generate_monthly_report_excel" time="0.120" /><testcase classname="backend.tests.test_reports.TestReportsAPI" name="test_generate_daily_report_pdf" time="0.189" /><testcase classname="backend.tests.test_reports.TestReportsAPI" name="test_generate_weekly_report_pdf" time="0.161" /><testcase classname="backend.tests.test_reports.TestReportsAPI" name="test_generate_monthly_report_pdf" time="0.138" /><testcase classname="backend.tests.test_reports.TestReportsAPI" name="test_generate_report_with_phase_filter_pre_construction" time="0.117" /><testcase classname="backend.tests.test_reports.TestReportsAPI" name="test_generate_report_with_phase_filter_admin_academic" time="0.160" /><testcase classname="backend.tests.test_reports.TestReportsAPI" name="test_generate_report_with_phase_filter_auditorium" time="0.138" /><testcase classname="backend.tests.test_reports.TestReportsAPI" name="test_generate_report_with_phase_filter_residential" time="0.127" /><testcase classname="backend.tests.test_reports.TestReportsAPI" name="test_generate_report_with_phase_filter_external" time="0.144" /><testcase classname="backend.tests.test_reports.TestReportsAPI" name="test_generate_report_with_status_filter_completed" time="0.121" /><testcase classname="backend.tests.test_reports.TestReportsAPI" name="test_generate_report_with_status_filter_in_progress" time="0.114" /><testcase classname="backend.tests.test_reports.TestReportsAPI" name="test_generate_report_with_status_filter_delayed" time="0.108" /><testcase classname="backend.tests.test_reports.TestReportsAPI" name="test_generate_report_with_status_filter_at_risk" time="0.114" /><testcase classname="backend.tests.test_reports.TestReportsAPI" name="test_generate_report_with_status_filter_not_started" time="0.148" /><testcase classname="backend.tests.test_reports.TestReportsAPI" name="test_generate_report_with_phase_and_status_filter" time="0.114" /><testcase classname="backend.tests.test_reports.TestReportsAPI" name="test_generate_report_with_all_filters" time="0.135" /><testcase classname="backend.tests.test_reports.TestReportsAPI" name="test_generate_report_with_history_excel" time="0.166" /><testcase classname="backend.tests.test_reports.TestReportsAPI" name="test_generate_report_with_history_pdf" time="0.137" /><testcase classname="backend.tests.test_reports.TestReportsAPI" name="test_generate_report_with_custom_date_range" time="0.114" /><testcase classname="backend.tests.test_reports.TestReportsAPI" name="test_generate_report_with_only_start_date" time="0.160" /><testcase classname="backend.tests.test_reports.TestReportsAPI" name="test_generate_report_with_only_end_date" time="0.149" /><testcase classname="backend.tests.test_reports.TestReportsAPI" name="test_excel_filename_includes_report_type" time="0.156" /><testcase classname="backend.tests.test_reports.TestReportsAPI" name="test_pdf_filename_includes_report_type" time="0.138" /></testsuite></testsuites>